Using pre-set license
Built from '2020.3/release' branch; Version is '2020.3.2f1 (8fd9074bf66c) revision 9427207'; Using compiler version '192528614'; Build Type 'Release'
OS: 'Windows 10 Pro; OS build 19042.985; Version 2009; 64bit' Language: 'ru' Physical Memory: 8087 MB
BatchMode: 1, IsHumanControllingUs: 0, StartBugReporterOnCrash: 0, Is64bit: 1, IsPro: 0

 COMMAND LINE ARGUMENTS:
C:\Program Files\Unity\Hub\Editor\2020.3.2f1\Editor\Unity.exe
-adb2
-batchMode
-noUpm
-name
AssetImportWorker0
-projectPath
C:/Users/rinay/OneDrive/Рабочий стол/3DTerrain-Rail/3dterrainrail/3D Terrain-Rails
-logFile
Logs/AssetImportWorker0.log
-srvPort
50910
Successfully changed project path to: C:/Users/rinay/OneDrive/Рабочий стол/3DTerrain-Rail/3dterrainrail/3D Terrain-Rails
C:/Users/rinay/OneDrive/Рабочий стол/3DTerrain-Rail/3dterrainrail/3D Terrain-Rails
Using Asset Import Pipeline V2.
Refreshing native plugins compatible for Editor in 34.32 ms, found 0 plugins.
Preloading 0 native plugins for Editor in 0.00 ms.
Initialize engine version: 2020.3.2f1 (8fd9074bf66c)
[Subsystems] Discovering subsystems at path C:/Program Files/Unity/Hub/Editor/2020.3.2f1/Editor/Data/Resources/UnitySubsystems
[Subsystems] Discovering subsystems at path C:/Users/rinay/OneDrive/Рабочий стол/3DTerrain-Rail/3dterrainrail/3D Terrain-Rails/Assets
GfxDevice: creating device client; threaded=0
Direct3D:
    Version:  Direct3D 11.0 [level 11.0]
    Renderer: NVIDIA GeForce 940MX (ID=0x134b)
    Vendor:   
    VRAM:     987 MB
    Driver:   24.21.13.9731
Initialize mono
Mono path[0] = 'C:/Program Files/Unity/Hub/Editor/2020.3.2f1/Editor/Data/Managed'
Mono path[1] = 'C:/Program Files/Unity/Hub/Editor/2020.3.2f1/Editor/Data/MonoBleedingEdge/lib/mono/unityjit'
Mono config path = 'C:/Program Files/Unity/Hub/Editor/2020.3.2f1/Editor/Data/MonoBleedingEdge/etc'
Using monoOptions --debugger-agent=transport=dt_socket,embedding=1,server=y,suspend=n,address=127.0.0.1:56480
Begin MonoManager ReloadAssembly
Registering precompiled unity dll's ...
Register platform support module: C:/Program Files/Unity/Hub/Editor/2020.3.2f1/Editor/Data/PlaybackEngines/WebGLSupport/UnityEditor.WebGL.Extensions.dll
Register platform support module: C:/Program Files/Unity/Hub/Editor/2020.3.2f1/Editor/Data/PlaybackEngines/WindowsStandaloneSupport/UnityEditor.WindowsStandalone.Extensions.dll
Registered in 0.005242 seconds.
Native extension for WindowsStandalone target not found
Native extension for WebGL target not found
Refreshing native plugins compatible for Editor in 33.46 ms, found 0 plugins.
Preloading 0 native plugins for Editor in 0.00 ms.
Invoked RoslynAnalysisRunner static constructor.
RoslynAnalysisRunner will not be running.
RoslynAnalysisRunner has terminated.
Mono: successfully reloaded assembly
- Completed reload, in  3.203 seconds
Platform modules already initialized, skipping
Registering precompiled user dll's ...
Registered in 0.001059 seconds.
Begin MonoManager ReloadAssembly
Native extension for WindowsStandalone target not found
Native extension for WebGL target not found
Refreshing native plugins compatible for Editor in 34.34 ms, found 0 plugins.
Preloading 0 native plugins for Editor in 0.00 ms.
Invoked RoslynAnalysisRunner static constructor.
RoslynAnalysisRunner will not be running.
RoslynAnalysisRunner has terminated.
Mono: successfully reloaded assembly
- Completed reload, in  1.539 seconds
Platform modules already initialized, skipping
========================================================================
Worker process is ready to serve import requests
Launched and connected shader compiler UnityShaderCompiler.exe after 0.07 seconds
Refreshing native plugins compatible for Editor in 0.43 ms, found 0 plugins.
Preloading 0 native plugins for Editor in 0.00 ms.
Unloading 1305 Unused Serialized files (Serialized files now loaded: 0)
System memory in use before: 83.5 MB.
System memory in use after: 83.4 MB.

Unloading 23 unused Assets to reduce memory usage. Loaded Objects now: 1774.
Total: 4.172700 ms (FindLiveObjects: 0.886100 ms CreateObjectMapping: 0.133000 ms MarkObjects: 2.806400 ms  DeleteObjects: 0.345000 ms)

========================================================================
Received Import Request.
  path: Assets/laxer tree pkg
  artifactKey: Guid(5cf3df95b500abe49844e7b4d076b1e5) Importer(815301076,1909f56bfc062723c751e8b465ee728b)
Start importing Assets/laxer tree pkg using Guid(5cf3df95b500abe49844e7b4d076b1e5) Importer(815301076,1909f56bfc062723c751e8b465ee728b)  -> (artifact id: 'a55967d2ff9d92acf53b7306780a29b0') in 0.016735 seconds
  Import took 0.020692 seconds .

========================================================================
Received Import Request.
  Time since last request: 11.763385 seconds.
  path: Assets/laxer tree pkg/Ambient-Occlusion/baum ld0.prefab
  artifactKey: Guid(232d918e673de694d8a118b6efe0bf6f) Importer(815301076,1909f56bfc062723c751e8b465ee728b)
Start importing Assets/laxer tree pkg/Ambient-Occlusion/baum ld0.prefab using Guid(232d918e673de694d8a118b6efe0bf6f) Importer(815301076,1909f56bfc062723c751e8b465ee728b)  -> (artifact id: 'ddc2f36b035af78e78b018c786b0a264') in 0.173563 seconds
  Import took 0.178765 seconds .

========================================================================
Received Import Request.
  Time since last request: 38.453320 seconds.
  path: Assets/laxer tree pkg/Mobile/Normal Edited/baum ld1(enhanced).prefab
  artifactKey: Guid(3176aeb440566664ab0bd513a6a46280) Importer(815301076,1909f56bfc062723c751e8b465ee728b)
Start importing Assets/laxer tree pkg/Mobile/Normal Edited/baum ld1(enhanced).prefab using Guid(3176aeb440566664ab0bd513a6a46280) Importer(815301076,1909f56bfc062723c751e8b465ee728b)  -> (artifact id: '8976eed6064cb5b7ec1cb949d24603a5') in 0.089484 seconds
  Import took 0.103188 seconds .

========================================================================
Received Import Request.
  Time since last request: 47.592701 seconds.
  path: Assets/laxer tree pkg/Ambient-Occlusion/baum ld2.prefab
  artifactKey: Guid(011ca9ca00b21594c8a16ee78d6a8c7c) Importer(815301076,1909f56bfc062723c751e8b465ee728b)
Start importing Assets/laxer tree pkg/Ambient-Occlusion/baum ld2.prefab using Guid(011ca9ca00b21594c8a16ee78d6a8c7c) Importer(815301076,1909f56bfc062723c751e8b465ee728b)  -> (artifact id: '792c7de1a0b2301390f0220eaa9f40d1') in 0.077828 seconds
  Import took 0.088365 seconds .

========================================================================
Received Import Request.
  Time since last request: 1565.351692 seconds.
  path: Assets/Timeline DirectorTimeline.playable
  artifactKey: Guid(2a39c403eb8fcf945a1beffa745c8cf5) Importer(815301076,1909f56bfc062723c751e8b465ee728b)
Start importing Assets/Timeline DirectorTimeline.playable using Guid(2a39c403eb8fcf945a1beffa745c8cf5) Importer(815301076,1909f56bfc062723c751e8b465ee728b)  -> (artifact id: 'b4d4b17343633f22782336ef6236d64c') in 0.022346 seconds
  Import took 0.029985 seconds .

========================================================================
Received Import Request.
  Time since last request: 2.847577 seconds.
  path: Assets/Timeline DirTimeline.playable
  artifactKey: Guid(c593d2c71af43c643b373fd8630cd680) Importer(815301076,1909f56bfc062723c751e8b465ee728b)
Start importing Assets/Timeline DirTimeline.playable using Guid(c593d2c71af43c643b373fd8630cd680) Importer(815301076,1909f56bfc062723c751e8b465ee728b)  -> (artifact id: 'e58bcaf7fd137f724cfa17c0b5d9368a') in 0.014638 seconds
  Import took 0.022183 seconds .

========================================================================
Received Import Request.
  Time since last request: 418.991273 seconds.
  path: Assets/PlayerTimeline.playable
  artifactKey: Guid(b34dc8e063987d5469bc2bda46b99afc) Importer(815301076,1909f56bfc062723c751e8b465ee728b)
Start importing Assets/PlayerTimeline.playable using Guid(b34dc8e063987d5469bc2bda46b99afc) Importer(815301076,1909f56bfc062723c751e8b465ee728b)  -> (artifact id: 'f49148e98f8df725d86eacc6bbb96b4a') in 0.017880 seconds
  Import took 0.023057 seconds .

